<?xml version="1.0" encoding="UTF-8"?>
<testsuite name="com.leaf.jdbc.LeafStatementTest" tests="1" skipped="0" failures="0" errors="0" timestamp="2026-01-30T18:46:41.583Z" hostname="MacBook-Pro-de-Luiz.local" time="0.282">
  <properties/>
  <testcase name="testQueryArrayFormat()" classname="com.leaf.jdbc.LeafStatementTest" time="0.282"/>
  <system-out><![CDATA[]]></system-out>
  <system-err><![CDATA[SLF4J(W): No SLF4J providers were found.
SLF4J(W): Defaulting to no-operation (NOP) logger implementation
SLF4J(W): See https://www.slf4j.org/codes.html#noProviders for further details.
]]></system-err>
</testsuite>
